<?xml version="1.0" encoding="UTF-8"?>
<!-- Generated by org.testng.reporters.JUnitReportReporter -->
<testsuite hostname="DEV-LPT331" failures="0" tests="1" name="cucumberOptions.TestRunner" time="16.416" errors="0" timestamp="2024-04-03T13:17:01 IST" skipped="0">
  <testcase classname="cucumberOptions.TestRunner" name="runScenario" time="16.416"/>
</testsuite> <!-- cucumberOptions.TestRunner -->
