<?xml version="1.0" encoding="UTF-8"?>
<!-- Generated by org.testng.reporters.JUnitReportReporter -->
<testsuite hostname="DEV-LPT331" failures="0" tests="1" name="cucumberOptions.TestRunner" time="16.370" errors="0" timestamp="2024-03-28T16:20:54 IST" skipped="0">
  <testcase classname="cucumberOptions.TestRunner" name="runScenario" time="16.370"/>
</testsuite> <!-- cucumberOptions.TestRunner -->
